<?xml version="1.0" encoding="UTF-8"?>
<!-- Generated by org.testng.reporters.JUnitReportReporter -->
<testsuite hostname="LIN65003356" failures="0" tests="4" name="Runner.TestNgtestRunner" time="16.090" errors="0" timestamp="2025-03-13T13:36:32 IST" skipped="0">
  <testcase classname="Runner.TestNgtestRunner" name="runScenario" time="3.546"/>
  <testcase classname="Runner.TestNgtestRunner" name="runScenario" time="7.681"/>
  <testcase classname="Runner.TestNgtestRunner" name="runScenario" time="2.664"/>
  <testcase classname="Runner.TestNgtestRunner" name="runScenario" time="2.199"/>
</testsuite> <!-- Runner.TestNgtestRunner -->
